<?xml version="1.0" encoding="UTF-8"?>
<!-- Generated by org.testng.reporters.JUnitXMLReporter -->
<testsuite hostname="DESKTOP-L196VMO" name="Calculator Functionality" tests="4" failures="0" timestamp="21 Feb 2019 16:02:55 GMT" time="0.085" errors="0">
  <testcase name="addTest" time="0.034" classname="calculatortesting.CalcTest"/>
  <testcase name="divideTest" time="0.002" classname="calculatortesting.CalcTest"/>
  <testcase name="multiplyTest" time="0.001" classname="calculatortesting.CalcTest"/>
  <testcase name="subtractTest" time="0.002" classname="calculatortesting.CalcTest"/>
</testsuite> <!-- Calculator Functionality -->
